$ nest start --watch
[2J[3J[H[[90m9:22:08 PM[0m] Starting compilation in watch mode...

[[90m9:22:09 PM[0m] Found 0 errors. Watching for file changes.

[32m[Nest] 51152  - [39m02/21/2026, 9:22:10 PM [32m    LOG[39m [38;5;3m[NestFactory] [39m[32mStarting Nest application...[39m
[32m[Nest] 51152  - [39m02/21/2026, 9:22:10 PM [32m    LOG[39m [38;5;3m[InstanceLoader] [39m[32mAppModule dependencies initialized[39m[38;5;3m +8ms[39m
[32m[Nest] 51152  - [39m02/21/2026, 9:22:10 PM [32m    LOG[39m [38;5;3m[InstanceLoader] [39m[32mPrismaModule dependencies initialized[39m[38;5;3m +7ms[39m
[32m[Nest] 51152  - [39m02/21/2026, 9:22:10 PM [32m    LOG[39m [38;5;3m[InstanceLoader] [39m[32mPassportModule dependencies initialized[39m[38;5;3m +0ms[39m
[32m[Nest] 51152  - [39m02/21/2026, 9:22:10 PM [32m    LOG[39m [38;5;3m[InstanceLoader] [39m[32mConfigHostModule dependencies initialized[39m[38;5;3m +6ms[39m
[32m[Nest] 51152  - [39m02/21/2026, 9:22:10 PM [32m    LOG[39m [38;5;3m[InstanceLoader] [39m[32mJwtModule dependencies initialized[39m[38;5;3m +0ms[39m
[32m[Nest] 51152  - [39m02/21/2026, 9:22:10 PM [32m    LOG[39m [38;5;3m[InstanceLoader] [39m[32mConfigModule dependencies initialized[39m[38;5;3m +1ms[39m
[32m[Nest] 51152  - [39m02/21/2026, 9:22:10 PM [32m    LOG[39m [38;5;3m[InstanceLoader] [39m[32mProductsModule dependencies initialized[39m[38;5;3m +0ms[39m
[32m[Nest] 51152  - [39m02/21/2026, 9:22:10 PM [32m    LOG[39m [38;5;3m[InstanceLoader] [39m[32mCategoriesModule dependencies initialized[39m[38;5;3m +0ms[39m
[32m[Nest] 51152  - [39m02/21/2026, 9:22:10 PM [32m    LOG[39m [38;5;3m[InstanceLoader] [39m[32mSettingsModule dependencies initialized[39m[38;5;3m +0ms[39m
[32m[Nest] 51152  - [39m02/21/2026, 9:22:10 PM [32m    LOG[39m [38;5;3m[InstanceLoader] [39m[32mDashboardModule dependencies initialized[39m[38;5;3m +0ms[39m
[32m[Nest] 51152  - [39m02/21/2026, 9:22:10 PM [32m    LOG[39m [38;5;3m[InstanceLoader] [39m[32mOrdersModule dependencies initialized[39m[38;5;3m +0ms[39m
[32m[Nest] 51152  - [39m02/21/2026, 9:22:10 PM [32m    LOG[39m [38;5;3m[InstanceLoader] [39m[32mUsersModule dependencies initialized[39m[38;5;3m +0ms[39m
[32m[Nest] 51152  - [39m02/21/2026, 9:22:10 PM [32m    LOG[39m [38;5;3m[InstanceLoader] [39m[32mPromotionsModule dependencies initialized[39m[38;5;3m +0ms[39m
[32m[Nest] 51152  - [39m02/21/2026, 9:22:10 PM [32m    LOG[39m [38;5;3m[InstanceLoader] [39m[32mAuthModule dependencies initialized[39m[38;5;3m +0ms[39m
[32m[Nest] 51152  - [39m02/21/2026, 9:22:10 PM [32m    LOG[39m [38;5;3m[InstanceLoader] [39m[32mMembersModule dependencies initialized[39m[38;5;3m +0ms[39m
[32m[Nest] 51152  - [39m02/21/2026, 9:22:10 PM [32m    LOG[39m [38;5;3m[RoutesResolver] [39m[32mProductsController {/products}:[39m[38;5;3m +2ms[39m
[32m[Nest] 51152  - [39m02/21/2026, 9:22:10 PM [32m    LOG[39m [38;5;3m[RouterExplorer] [39m[32mMapped {/products, GET} route[39m[38;5;3m +1ms[39m
[32m[Nest] 51152  - [39m02/21/2026, 9:22:10 PM [32m    LOG[39m [38;5;3m[RouterExplorer] [39m[32mMapped {/products/search, GET} route[39m[38;5;3m +0ms[39m
[32m[Nest] 51152  - [39m02/21/2026, 9:22:10 PM [32m    LOG[39m [38;5;3m[RouterExplorer] [39m[32mMapped {/products/:id, GET} route[39m[38;5;3m +0ms[39m
[32m[Nest] 51152  - [39m02/21/2026, 9:22:10 PM [32m    LOG[39m [38;5;3m[RouterExplorer] [39m[32mMapped {/products, POST} route[39m[38;5;3m +0ms[39m
[32m[Nest] 51152  - [39m02/21/2026, 9:22:10 PM [32m    LOG[39m [38;5;3m[RouterExplorer] [39m[32mMapped {/products/:id, PUT} route[39m[38;5;3m +0ms[39m
[32m[Nest] 51152  - [39m02/21/2026, 9:22:10 PM [32m    LOG[39m [38;5;3m[RouterExplorer] [39m[32mMapped {/products/:id, DELETE} route[39m[38;5;3m +0ms[39m
[32m[Nest] 51152  - [39m02/21/2026, 9:22:10 PM [32m    LOG[39m [38;5;3m[RoutesResolver] [39m[32mCategoriesController {/categories}:[39m[38;5;3m +0ms[39m
[32m[Nest] 51152  - [39m02/21/2026, 9:22:10 PM [32m    LOG[39m [38;5;3m[RouterExplorer] [39m[32mMapped {/categories, GET} route[39m[38;5;3m +1ms[39m
[32m[Nest] 51152  - [39m02/21/2026, 9:22:10 PM [32m    LOG[39m [38;5;3m[RouterExplorer] [39m[32mMapped {/categories/:id, GET} route[39m[38;5;3m +0ms[39m
[32m[Nest] 51152  - [39m02/21/2026, 9:22:10 PM [32m    LOG[39m [38;5;3m[RouterExplorer] [39m[32mMapped {/categories, POST} route[39m[38;5;3m +0ms[39m
[32m[Nest] 51152  - [39m02/21/2026, 9:22:10 PM [32m    LOG[39m [38;5;3m[RouterExplorer] [39m[32mMapped {/categories/:id, PUT} route[39m[38;5;3m +0ms[39m
[32m[Nest] 51152  - [39m02/21/2026, 9:22:10 PM [32m    LOG[39m [38;5;3m[RouterExplorer] [39m[32mMapped {/categories/:id, DELETE} route[39m[38;5;3m +0ms[39m
[32m[Nest] 51152  - [39m02/21/2026, 9:22:10 PM [32m    LOG[39m [38;5;3m[RoutesResolver] [39m[32mOrdersController {/orders}:[39m[38;5;3m +0ms[39m
[32m[Nest] 51152  - [39m02/21/2026, 9:22:10 PM [32m    LOG[39m [38;5;3m[RouterExplorer] [39m[32mMapped {/orders, POST} route[39m[38;5;3m +0ms[39m
[32m[Nest] 51152  - [39m02/21/2026, 9:22:10 PM [32m    LOG[39m [38;5;3m[RouterExplorer] [39m[32mMapped {/orders, GET} route[39m[38;5;3m +0ms[39m
[32m[Nest] 51152  - [39m02/21/2026, 9:22:10 PM [32m    LOG[39m [38;5;3m[RouterExplorer] [39m[32mMapped {/orders/:id, GET} route[39m[38;5;3m +0ms[39m
[32m[Nest] 51152  - [39m02/21/2026, 9:22:10 PM [32m    LOG[39m [38;5;3m[RouterExplorer] [39m[32mMapped {/orders/:id/cancel, PATCH} route[39m[38;5;3m +0ms[39m
[32m[Nest] 51152  - [39m02/21/2026, 9:22:10 PM [32m    LOG[39m [38;5;3m[RoutesResolver] [39m[32mSettingsController {/settings}:[39m[38;5;3m +0ms[39m
[32m[Nest] 51152  - [39m02/21/2026, 9:22:10 PM [32m    LOG[39m [38;5;3m[RouterExplorer] [39m[32mMapped {/settings, GET} route[39m[38;5;3m +0ms[39m
[32m[Nest] 51152  - [39m02/21/2026, 9:22:10 PM [32m    LOG[39m [38;5;3m[RouterExplorer] [39m[32mMapped {/settings, PATCH} route[39m[38;5;3m +0ms[39m
[32m[Nest] 51152  - [39m02/21/2026, 9:22:10 PM [32m    LOG[39m [38;5;3m[RoutesResolver] [39m[32mDashboardController {/dashboard}:[39m[38;5;3m +0ms[39m
[32m[Nest] 51152  - [39m02/21/2026, 9:22:10 PM [32m    LOG[39m [38;5;3m[RouterExplorer] [39m[32mMapped {/dashboard/summary, GET} route[39m[38;5;3m +0ms[39m
[32m[Nest] 51152  - [39m02/21/2026, 9:22:10 PM [32m    LOG[39m [38;5;3m[RoutesResolver] [39m[32mAuthController {/auth}:[39m[38;5;3m +0ms[39m
[32m[Nest] 51152  - [39m02/21/2026, 9:22:10 PM [32m    LOG[39m [38;5;3m[RouterExplorer] [39m[32mMapped {/auth/login, POST} route[39m[38;5;3m +0ms[39m
[32m[Nest] 51152  - [39m02/21/2026, 9:22:10 PM [32m    LOG[39m [38;5;3m[RouterExplorer] [39m[32mMapped {/auth/seed, POST} route[39m[38;5;3m +0ms[39m
[32m[Nest] 51152  - [39m02/21/2026, 9:22:10 PM [32m    LOG[39m [38;5;3m[RouterExplorer] [39m[32mMapped {/auth/profile, GET} route[39m[38;5;3m +0ms[39m
[32m[Nest] 51152  - [39m02/21/2026, 9:22:10 PM [32m    LOG[39m [38;5;3m[RouterExplorer] [39m[32mMapped {/auth/admin-only, GET} route[39m[38;5;3m +0ms[39m
[32m[Nest] 51152  - [39m02/21/2026, 9:22:10 PM [32m    LOG[39m [38;5;3m[RoutesResolver] [39m[32mUsersController {/users}:[39m[38;5;3m +0ms[39m
[32m[Nest] 51152  - [39m02/21/2026, 9:22:10 PM [32m    LOG[39m [38;5;3m[RouterExplorer] [39m[32mMapped {/users, POST} route[39m[38;5;3m +0ms[39m
[32m[Nest] 51152  - [39m02/21/2026, 9:22:10 PM [32m    LOG[39m [38;5;3m[RouterExplorer] [39m[32mMapped {/users, GET} route[39m[38;5;3m +0ms[39m
[32m[Nest] 51152  - [39m02/21/2026, 9:22:10 PM [32m    LOG[39m [38;5;3m[RouterExplorer] [39m[32mMapped {/users/:id, GET} route[39m[38;5;3m +1ms[39m
[32m[Nest] 51152  - [39m02/21/2026, 9:22:10 PM [32m    LOG[39m [38;5;3m[RouterExplorer] [39m[32mMapped {/users/:id, PATCH} route[39m[38;5;3m +0ms[39m
[32m[Nest] 51152  - [39m02/21/2026, 9:22:10 PM [32m    LOG[39m [38;5;3m[RouterExplorer] [39m[32mMapped {/users/:id, DELETE} route[39m[38;5;3m +0ms[39m
[32m[Nest] 51152  - [39m02/21/2026, 9:22:10 PM [32m    LOG[39m [38;5;3m[RoutesResolver] [39m[32mMembersController {/members}:[39m[38;5;3m +0ms[39m
[32m[Nest] 51152  - [39m02/21/2026, 9:22:10 PM [32m    LOG[39m [38;5;3m[RouterExplorer] [39m[32mMapped {/members, POST} route[39m[38;5;3m +0ms[39m
[32m[Nest] 51152  - [39m02/21/2026, 9:22:10 PM [32m    LOG[39m [38;5;3m[RouterExplorer] [39m[32mMapped {/members, GET} route[39m[38;5;3m +0ms[39m
[32m[Nest] 51152  - [39m02/21/2026, 9:22:10 PM [32m    LOG[39m [38;5;3m[RouterExplorer] [39m[32mMapped {/members/:id, GET} route[39m[38;5;3m +0ms[39m
[32m[Nest] 51152  - [39m02/21/2026, 9:22:10 PM [32m    LOG[39m [38;5;3m[RouterExplorer] [39m[32mMapped {/members/:id, PATCH} route[39m[38;5;3m +0ms[39m
[32m[Nest] 51152  - [39m02/21/2026, 9:22:10 PM [32m    LOG[39m [38;5;3m[RouterExplorer] [39m[32mMapped {/members/:id, DELETE} route[39m[38;5;3m +0ms[39m
[32m[Nest] 51152  - [39m02/21/2026, 9:22:10 PM [32m    LOG[39m [38;5;3m[RoutesResolver] [39m[32mPromotionsController {/promotions}:[39m[38;5;3m +0ms[39m
[32m[Nest] 51152  - [39m02/21/2026, 9:22:10 PM [32m    LOG[39m [38;5;3m[RouterExplorer] [39m[32mMapped {/promotions, POST} route[39m[38;5;3m +0ms[39m
[32m[Nest] 51152  - [39m02/21/2026, 9:22:10 PM [32m    LOG[39m [38;5;3m[RouterExplorer] [39m[32mMapped {/promotions, GET} route[39m[38;5;3m +0ms[39m
[32m[Nest] 51152  - [39m02/21/2026, 9:22:10 PM [32m    LOG[39m [38;5;3m[RouterExplorer] [39m[32mMapped {/promotions/:id, GET} route[39m[38;5;3m +0ms[39m
[32m[Nest] 51152  - [39m02/21/2026, 9:22:10 PM [32m    LOG[39m [38;5;3m[RouterExplorer] [39m[32mMapped {/promotions/:id, PATCH} route[39m[38;5;3m +0ms[39m
[32m[Nest] 51152  - [39m02/21/2026, 9:22:10 PM [32m    LOG[39m [38;5;3m[RouterExplorer] [39m[32mMapped {/promotions/:id, DELETE} route[39m[38;5;3m +0ms[39m
[32m[Nest] 51152  - [39m02/21/2026, 9:22:10 PM [32m    LOG[39m [38;5;3m[NestApplication] [39m[32mNest application successfully started[39m[38;5;3m +16ms[39m
🚀 POS Backend running on http://localhost:3002
[2J[3J[H[[90m9:26:11 PM[0m] File change detected. Starting incremental compilation...

[[90m9:26:11 PM[0m] Found 0 errors. Watching for file changes.

[32m[Nest] 53756  - [39m02/21/2026, 9:26:12 PM [32m    LOG[39m [38;5;3m[NestFactory] [39m[32mStarting Nest application...[39m
[32m[Nest] 53756  - [39m02/21/2026, 9:26:12 PM [32m    LOG[39m [38;5;3m[InstanceLoader] [39m[32mAppModule dependencies initialized[39m[38;5;3m +6ms[39m
[32m[Nest] 53756  - [39m02/21/2026, 9:26:12 PM [32m    LOG[39m [38;5;3m[InstanceLoader] [39m[32mPrismaModule dependencies initialized[39m[38;5;3m +1ms[39m
[32m[Nest] 53756  - [39m02/21/2026, 9:26:12 PM [32m    LOG[39m [38;5;3m[InstanceLoader] [39m[32mPassportModule dependencies initialized[39m[38;5;3m +1ms[39m
[32m[Nest] 53756  - [39m02/21/2026, 9:26:12 PM [32m    LOG[39m [38;5;3m[InstanceLoader] [39m[32mConfigHostModule dependencies initialized[39m[38;5;3m +1ms[39m
[32m[Nest] 53756  - [39m02/21/2026, 9:26:12 PM [32m    LOG[39m [38;5;3m[InstanceLoader] [39m[32mJwtModule dependencies initialized[39m[38;5;3m +0ms[39m
[32m[Nest] 53756  - [39m02/21/2026, 9:26:12 PM [32m    LOG[39m [38;5;3m[InstanceLoader] [39m[32mConfigModule dependencies initialized[39m[38;5;3m +0ms[39m
[32m[Nest] 53756  - [39m02/21/2026, 9:26:12 PM [32m    LOG[39m [38;5;3m[InstanceLoader] [39m[32mProductsModule dependencies initialized[39m[38;5;3m +0ms[39m
[32m[Nest] 53756  - [39m02/21/2026, 9:26:12 PM [32m    LOG[39m [38;5;3m[InstanceLoader] [39m[32mCategoriesModule dependencies initialized[39m[38;5;3m +0ms[39m
[32m[Nest] 53756  - [39m02/21/2026, 9:26:12 PM [32m    LOG[39m [38;5;3m[InstanceLoader] [39m[32mSettingsModule dependencies initialized[39m[38;5;3m +0ms[39m
[32m[Nest] 53756  - [39m02/21/2026, 9:26:12 PM [32m    LOG[39m [38;5;3m[InstanceLoader] [39m[32mDashboardModule dependencies initialized[39m[38;5;3m +0ms[39m
[32m[Nest] 53756  - [39m02/21/2026, 9:26:12 PM [32m    LOG[39m [38;5;3m[InstanceLoader] [39m[32mOrdersModule dependencies initialized[39m[38;5;3m +0ms[39m
[32m[Nest] 53756  - [39m02/21/2026, 9:26:12 PM [32m    LOG[39m [38;5;3m[InstanceLoader] [39m[32mUsersModule dependencies initialized[39m[38;5;3m +0ms[39m
[32m[Nest] 53756  - [39m02/21/2026, 9:26:12 PM [32m    LOG[39m [38;5;3m[InstanceLoader] [39m[32mPromotionsModule dependencies initialized[39m[38;5;3m +0ms[39m
[32m[Nest] 53756  - [39m02/21/2026, 9:26:12 PM [32m    LOG[39m [38;5;3m[InstanceLoader] [39m[32mAuthModule dependencies initialized[39m[38;5;3m +0ms[39m
[32m[Nest] 53756  - [39m02/21/2026, 9:26:12 PM [32m    LOG[39m [38;5;3m[InstanceLoader] [39m[32mMembersModule dependencies initialized[39m[38;5;3m +0ms[39m
[32m[Nest] 53756  - [39m02/21/2026, 9:26:12 PM [32m    LOG[39m [38;5;3m[RoutesResolver] [39m[32mProductsController {/products}:[39m[38;5;3m +2ms[39m
[32m[Nest] 53756  - [39m02/21/2026, 9:26:12 PM [32m    LOG[39m [38;5;3m[RouterExplorer] [39m[32mMapped {/products, GET} route[39m[38;5;3m +1ms[39m
[32m[Nest] 53756  - [39m02/21/2026, 9:26:12 PM [32m    LOG[39m [38;5;3m[RouterExplorer] [39m[32mMapped {/products/search, GET} route[39m[38;5;3m +0ms[39m
[32m[Nest] 53756  - [39m02/21/2026, 9:26:12 PM [32m    LOG[39m [38;5;3m[RouterExplorer] [39m[32mMapped {/products/:id, GET} route[39m[38;5;3m +0ms[39m
[32m[Nest] 53756  - [39m02/21/2026, 9:26:12 PM [32m    LOG[39m [38;5;3m[RouterExplorer] [39m[32mMapped {/products, POST} route[39m[38;5;3m +0ms[39m
[32m[Nest] 53756  - [39m02/21/2026, 9:26:12 PM [32m    LOG[39m [38;5;3m[RouterExplorer] [39m[32mMapped {/products/:id, PATCH} route[39m[38;5;3m +0ms[39m
[32m[Nest] 53756  - [39m02/21/2026, 9:26:12 PM [32m    LOG[39m [38;5;3m[RouterExplorer] [39m[32mMapped {/products/:id, DELETE} route[39m[38;5;3m +0ms[39m
[32m[Nest] 53756  - [39m02/21/2026, 9:26:12 PM [32m    LOG[39m [38;5;3m[RoutesResolver] [39m[32mCategoriesController {/categories}:[39m[38;5;3m +0ms[39m
[32m[Nest] 53756  - [39m02/21/2026, 9:26:12 PM [32m    LOG[39m [38;5;3m[RouterExplorer] [39m[32mMapped {/categories, GET} route[39m[38;5;3m +0ms[39m
[32m[Nest] 53756  - [39m02/21/2026, 9:26:12 PM [32m    LOG[39m [38;5;3m[RouterExplorer] [39m[32mMapped {/categories/:id, GET} route[39m[38;5;3m +0ms[39m
[32m[Nest] 53756  - [39m02/21/2026, 9:26:12 PM [32m    LOG[39m [38;5;3m[RouterExplorer] [39m[32mMapped {/categories, POST} route[39m[38;5;3m +1ms[39m
[32m[Nest] 53756  - [39m02/21/2026, 9:26:12 PM [32m    LOG[39m [38;5;3m[RouterExplorer] [39m[32mMapped {/categories/:id, PUT} route[39m[38;5;3m +0ms[39m
[32m[Nest] 53756  - [39m02/21/2026, 9:26:12 PM [32m    LOG[39m [38;5;3m[RouterExplorer] [39m[32mMapped {/categories/:id, DELETE} route[39m[38;5;3m +0ms[39m
[32m[Nest] 53756  - [39m02/21/2026, 9:26:12 PM [32m    LOG[39m [38;5;3m[RoutesResolver] [39m[32mOrdersController {/orders}:[39m[38;5;3m +0ms[39m
[32m[Nest] 53756  - [39m02/21/2026, 9:26:12 PM [32m    LOG[39m [38;5;3m[RouterExplorer] [39m[32mMapped {/orders, POST} route[39m[38;5;3m +0ms[39m
[32m[Nest] 53756  - [39m02/21/2026, 9:26:12 PM [32m    LOG[39m [38;5;3m[RouterExplorer] [39m[32mMapped {/orders, GET} route[39m[38;5;3m +0ms[39m
[32m[Nest] 53756  - [39m02/21/2026, 9:26:12 PM [32m    LOG[39m [38;5;3m[RouterExplorer] [39m[32mMapped {/orders/:id, GET} route[39m[38;5;3m +0ms[39m
[32m[Nest] 53756  - [39m02/21/2026, 9:26:12 PM [32m    LOG[39m [38;5;3m[RouterExplorer] [39m[32mMapped {/orders/:id/cancel, PATCH} route[39m[38;5;3m +0ms[39m
[32m[Nest] 53756  - [39m02/21/2026, 9:26:12 PM [32m    LOG[39m [38;5;3m[RoutesResolver] [39m[32mSettingsController {/settings}:[39m[38;5;3m +0ms[39m
[32m[Nest] 53756  - [39m02/21/2026, 9:26:12 PM [32m    LOG[39m [38;5;3m[RouterExplorer] [39m[32mMapped {/settings, GET} route[39m[38;5;3m +0ms[39m
[32m[Nest] 53756  - [39m02/21/2026, 9:26:12 PM [32m    LOG[39m [38;5;3m[RouterExplorer] [39m[32mMapped {/settings, PATCH} route[39m[38;5;3m +0ms[39m
[32m[Nest] 53756  - [39m02/21/2026, 9:26:12 PM [32m    LOG[39m [38;5;3m[RoutesResolver] [39m[32mDashboardController {/dashboard}:[39m[38;5;3m +0ms[39m
[32m[Nest] 53756  - [39m02/21/2026, 9:26:12 PM [32m    LOG[39m [38;5;3m[RouterExplorer] [39m[32mMapped {/dashboard/summary, GET} route[39m[38;5;3m +0ms[39m
[32m[Nest] 53756  - [39m02/21/2026, 9:26:12 PM [32m    LOG[39m [38;5;3m[RoutesResolver] [39m[32mAuthController {/auth}:[39m[38;5;3m +0ms[39m
[32m[Nest] 53756  - [39m02/21/2026, 9:26:12 PM [32m    LOG[39m [38;5;3m[RouterExplorer] [39m[32mMapped {/auth/login, POST} route[39m[38;5;3m +0ms[39m
[32m[Nest] 53756  - [39m02/21/2026, 9:26:12 PM [32m    LOG[39m [38;5;3m[RouterExplorer] [39m[32mMapped {/auth/seed, POST} route[39m[38;5;3m +0ms[39m
[32m[Nest] 53756  - [39m02/21/2026, 9:26:12 PM [32m    LOG[39m [38;5;3m[RouterExplorer] [39m[32mMapped {/auth/profile, GET} route[39m[38;5;3m +0ms[39m
[32m[Nest] 53756  - [39m02/21/2026, 9:26:12 PM [32m    LOG[39m [38;5;3m[RouterExplorer] [39m[32mMapped {/auth/admin-only, GET} route[39m[38;5;3m +0ms[39m
[32m[Nest] 53756  - [39m02/21/2026, 9:26:12 PM [32m    LOG[39m [38;5;3m[RoutesResolver] [39m[32mUsersController {/users}:[39m[38;5;3m +0ms[39m
[32m[Nest] 53756  - [39m02/21/2026, 9:26:12 PM [32m    LOG[39m [38;5;3m[RouterExplorer] [39m[32mMapped {/users, POST} route[39m[38;5;3m +0ms[39m
[32m[Nest] 53756  - [39m02/21/2026, 9:26:12 PM [32m    LOG[39m [38;5;3m[RouterExplorer] [39m[32mMapped {/users, GET} route[39m[38;5;3m +0ms[39m
[32m[Nest] 53756  - [39m02/21/2026, 9:26:12 PM [32m    LOG[39m [38;5;3m[RouterExplorer] [39m[32mMapped {/users/:id, GET} route[39m[38;5;3m +0ms[39m
[32m[Nest] 53756  - [39m02/21/2026, 9:26:12 PM [32m    LOG[39m [38;5;3m[RouterExplorer] [39m[32mMapped {/users/:id, PATCH} route[39m[38;5;3m +0ms[39m
[32m[Nest] 53756  - [39m02/21/2026, 9:26:12 PM [32m    LOG[39m [38;5;3m[RouterExplorer] [39m[32mMapped {/users/:id, DELETE} route[39m[38;5;3m +0ms[39m
[32m[Nest] 53756  - [39m02/21/2026, 9:26:12 PM [32m    LOG[39m [38;5;3m[RoutesResolver] [39m[32mMembersController {/members}:[39m[38;5;3m +0ms[39m
[32m[Nest] 53756  - [39m02/21/2026, 9:26:12 PM [32m    LOG[39m [38;5;3m[RouterExplorer] [39m[32mMapped {/members, POST} route[39m[38;5;3m +0ms[39m
[32m[Nest] 53756  - [39m02/21/2026, 9:26:12 PM [32m    LOG[39m [38;5;3m[RouterExplorer] [39m[32mMapped {/members, GET} route[39m[38;5;3m +1ms[39m
[32m[Nest] 53756  - [39m02/21/2026, 9:26:12 PM [32m    LOG[39m [38;5;3m[RouterExplorer] [39m[32mMapped {/members/:id, GET} route[39m[38;5;3m +0ms[39m
[32m[Nest] 53756  - [39m02/21/2026, 9:26:12 PM [32m    LOG[39m [38;5;3m[RouterExplorer] [39m[32mMapped {/members/:id, PATCH} route[39m[38;5;3m +0ms[39m
[32m[Nest] 53756  - [39m02/21/2026, 9:26:12 PM [32m    LOG[39m [38;5;3m[RouterExplorer] [39m[32mMapped {/members/:id, DELETE} route[39m[38;5;3m +0ms[39m
[32m[Nest] 53756  - [39m02/21/2026, 9:26:12 PM [32m    LOG[39m [38;5;3m[RoutesResolver] [39m[32mPromotionsController {/promotions}:[39m[38;5;3m +0ms[39m
[32m[Nest] 53756  - [39m02/21/2026, 9:26:12 PM [32m    LOG[39m [38;5;3m[RouterExplorer] [39m[32mMapped {/promotions, POST} route[39m[38;5;3m +0ms[39m
[32m[Nest] 53756  - [39m02/21/2026, 9:26:12 PM [32m    LOG[39m [38;5;3m[RouterExplorer] [39m[32mMapped {/promotions, GET} route[39m[38;5;3m +0ms[39m
[32m[Nest] 53756  - [39m02/21/2026, 9:26:12 PM [32m    LOG[39m [38;5;3m[RouterExplorer] [39m[32mMapped {/promotions/:id, GET} route[39m[38;5;3m +0ms[39m
[32m[Nest] 53756  - [39m02/21/2026, 9:26:12 PM [32m    LOG[39m [38;5;3m[RouterExplorer] [39m[32mMapped {/promotions/:id, PATCH} route[39m[38;5;3m +0ms[39m
[32m[Nest] 53756  - [39m02/21/2026, 9:26:12 PM [32m    LOG[39m [38;5;3m[RouterExplorer] [39m[32mMapped {/promotions/:id, DELETE} route[39m[38;5;3m +0ms[39m
[32m[Nest] 53756  - [39m02/21/2026, 9:26:12 PM [32m    LOG[39m [38;5;3m[NestApplication] [39m[32mNest application successfully started[39m[38;5;3m +15ms[39m
🚀 POS Backend running on http://localhost:3002
